<?xml version="1.0" encoding="UTF-8"?>
<!-- Generated by org.testng.reporters.JUnitReportReporter -->
<testsuite skipped="0" hostname="LAPTOP-BL99EMON" name="week5.day1.CreateLead" tests="1" failures="0" timestamp="2021-12-25T17:27:57 IST" time="35.932" errors="0">
  <testcase name="createLead" time="35.932" classname="week5.day1.CreateLead"/>
  <system-out/>
</testsuite> <!-- week5.day1.CreateLead -->
