<?xml version="1.0" encoding="UTF-8"?>
<!-- Generated by org.testng.reporters.JUnitReportReporter -->
<testsuite skipped="0" hostname="LAPTOP-BL99EMON" name="week5.day1.Annotations1" tests="1" failures="0" timestamp="2021-12-25T17:13:32 IST" time="0.041" errors="0">
  <testcase name="test1" time="0.041" classname="week5.day1.Annotations1"/>
  <system-out/>
</testsuite> <!-- week5.day1.Annotations1 -->
