<?xml version="1.0" encoding="UTF-8"?>
<!-- Generated by org.testng.reporters.JUnitReportReporter -->
<testsuite skipped="0" hostname="LAPTOP-BL99EMON" name="week5.day1.Annotations2" tests="1" failures="0" timestamp="2021-12-25T17:13:54 IST" time="0.035" errors="0">
  <testcase name="test2" time="0.035" classname="week5.day1.Annotations2"/>
  <system-out/>
</testsuite> <!-- week5.day1.Annotations2 -->
