<?xml version="1.0" encoding="UTF-8"?>
<!-- Generated by org.testng.reporters.JUnitReportReporter -->
<testsuite skipped="0" hostname="LAPTOP-BL99EMON" name="week5.day1.FindContact" tests="1" failures="0" timestamp="2021-12-25T17:27:57 IST" time="29.795" errors="0">
  <testcase name="findContact" time="29.795" classname="week5.day1.FindContact"/>
  <system-out/>
</testsuite> <!-- week5.day1.FindContact -->
