<?xml version="1.0" encoding="UTF-8"?>
<!-- Generated by org.testng.reporters.JUnitReportReporter -->
<testsuite skipped="0" hostname="LAPTOP-BL99EMON" name="week5.day1.LearnEdit" tests="1" failures="0" timestamp="2021-12-25T16:51:21 IST" time="127.680" errors="0">
  <testcase name="learnEdit" time="127.680" classname="week5.day1.LearnEdit"/>
  <system-out/>
</testsuite> <!-- week5.day1.LearnEdit -->
