<?xml version="1.0" encoding="UTF-8"?>
<!-- Generated by org.testng.reporters.JUnitReportReporter -->
<testsuite skipped="0" hostname="LAPTOP-BL99EMON" name="week5.day1.FindContact" tests="1" failures="0" timestamp="2022-01-02T18:02:17 IST" time="40.716" errors="0">
  <testcase name="findContact" time="40.716" classname="week5.day1.FindContact"/>
  <system-out/>
</testsuite> <!-- week5.day1.FindContact -->
