<?xml version="1.0" encoding="UTF-8"?>
<!-- Generated by org.testng.reporters.JUnitReportReporter -->
<testsuite skipped="0" hostname="LAPTOP-BL99EMON" name="week5.day1.Annotations" tests="2" failures="0" timestamp="2021-12-25T16:59:47 IST" time="0.023" errors="0">
  <testcase name="test1" time="0.016" classname="week5.day1.Annotations"/>
  <system-out/>
  <testcase name="test2" time="0.007" classname="week5.day1.Annotations"/>
  <system-out/>
</testsuite> <!-- week5.day1.Annotations -->
